android/app/build/intermediates/manifest_merge_blame_file/debug/manifest-merger-blame-debug-report.txt
1<?xml version="1.0" encoding="utf-8"?>
2<manifest xmlns:android="http://schemas.android.com/apk/res/android"
3    package="com.google.mlkit.vision.demo"
4    android:installLocation="auto"
5    android:versionCode="11"
6    android:versionName="1.11" >
7    <!--
8 CameraX libraries require minSdkVersion 21, while this quickstart app
9    supports low to 19. Needs to use overrideLibrary to make the merger tool
10    ignore this conflict and import the libraries while keeping the app's lower
11    minSdkVersion value. In code, will check SDK version, before calling CameraX
12    APIs.
13    -->
14    <uses-sdk
14-->src\main\AndroidManifest.xml:12:5-15:63
15        android:minSdkVersion="19"
15-->src\main\AndroidManifest.xml:12:5-15:63
16        android:targetSdkVersion="31" />
16-->src\main\AndroidManifest.xml:12:5-15:63
17
18    <uses-feature android:name="android.hardware.camera" />
18-->src\main\AndroidManifest.xml:17:5-59
18-->src\main\AndroidManifest.xml:17:19-57
19
20    <uses-permission android:name="android.permission.INTERNET" />
20-->src\main\AndroidManifest.xml:19:5-66
20-->src\main\AndroidManifest.xml:19:22-64
21    <uses-permission android:name="android.permission.WRITE_EXTERNAL_STORAGE" />
21-->src\main\AndroidManifest.xml:20:5-80
21-->src\main\AndroidManifest.xml:20:22-78
22    <uses-permission android:name="android.permission.READ_EXTERNAL_STORAGE" />
22-->src\main\AndroidManifest.xml:21:5-79
22-->src\main\AndroidManifest.xml:21:22-77
23    <uses-permission android:name="android.permission.CAMERA" />
23-->src\main\AndroidManifest.xml:22:5-64
23-->src\main\AndroidManifest.xml:22:22-62
24
25    <queries>
25-->src\main\AndroidManifest.xml:78:5-82:15
26        <intent>
26-->src\main\AndroidManifest.xml:79:9-81:18
27            <action android:name="android.media.action.IMAGE_CAPTURE" />
27-->src\main\AndroidManifest.xml:80:13-73
27-->src\main\AndroidManifest.xml:80:21-70
28        </intent>
29    </queries>
30
31    <!-- For remote config -->
32    <uses-permission android:name="android.permission.ACCESS_NETWORK_STATE" />
32-->[com.google.mlkit:pose-detection-common:18.0.0-beta2] AndroidManifest.xml:7:5-79
32-->[com.google.mlkit:pose-detection-common:18.0.0-beta2] AndroidManifest.xml:7:22-76
33    <uses-permission android:name="android.permission.WAKE_LOCK" />
33-->[androidx.work:work-runtime:2.7.0] AndroidManifest.xml:25:5-68
33-->[androidx.work:work-runtime:2.7.0] AndroidManifest.xml:25:22-65
34    <uses-permission android:name="android.permission.RECEIVE_BOOT_COMPLETED" />
34-->[androidx.work:work-runtime:2.7.0] AndroidManifest.xml:27:5-81
34-->[androidx.work:work-runtime:2.7.0] AndroidManifest.xml:27:22-78
35    <uses-permission android:name="android.permission.FOREGROUND_SERVICE" />
35-->[androidx.work:work-runtime:2.7.0] AndroidManifest.xml:28:5-77
35-->[androidx.work:work-runtime:2.7.0] AndroidManifest.xml:28:22-74
36
37    <application
37-->src\main\AndroidManifest.xml:24:5-77:19
38        android:name="androidx.multidex.MultiDexApplication"
38-->src\main\AndroidManifest.xml:25:9-61
39        android:appComponentFactory="androidx.core.app.CoreComponentFactory"
39-->[androidx.core:core:1.6.0] AndroidManifest.xml:24:18-86
40        android:debuggable="true"
41        android:icon="@drawable/ustc"
41-->src\main\AndroidManifest.xml:26:9-38
42        android:label="USTC CV"
42-->src\main\AndroidManifest.xml:27:9-32
43        android:testOnly="true"
44        android:theme="@style/Theme.AppCompat" >
44-->src\main\AndroidManifest.xml:28:9-47
45        <meta-data
45-->src\main\AndroidManifest.xml:30:9-32:68
46            android:name="com.google.android.gms.version"
46-->src\main\AndroidManifest.xml:31:13-58
47            android:value="@integer/google_play_services_version" />
47-->src\main\AndroidManifest.xml:32:13-66
48
49        <!--
50          Optional: Add it to automatically download ML model to device after
51          your app is installed.
52        -->
53        <meta-data
53-->src\main\AndroidManifest.xml:36:9-38:62
54            android:name="com.google.mlkit.vision.DEPENDENCIES"
54-->src\main\AndroidManifest.xml:37:13-64
55            android:value="barcode,face,ocr,ica,custom_ica" />
55-->src\main\AndroidManifest.xml:38:13-60
56
57        <activity
57-->src\main\AndroidManifest.xml:40:9-47:20
58            android:name="com.google.mlkit.vision.demo.java.ChooserActivity"
58-->src\main\AndroidManifest.xml:41:13-49
59            android:exported="true" >
59-->src\main\AndroidManifest.xml:42:13-36
60            <intent-filter>
60-->src\main\AndroidManifest.xml:43:13-46:29
61                <action android:name="android.intent.action.MAIN" />
61-->src\main\AndroidManifest.xml:44:17-68
61-->src\main\AndroidManifest.xml:44:25-66
62
63                <category android:name="android.intent.category.LAUNCHER" />
63-->src\main\AndroidManifest.xml:45:17-76
63-->src\main\AndroidManifest.xml:45:27-74
64            </intent-filter>
65        </activity>
66        <activity
66-->src\main\AndroidManifest.xml:49:9-53:20
67            android:name="com.google.mlkit.vision.demo.java.LivePreviewActivity"
67-->src\main\AndroidManifest.xml:50:13-53
68            android:exported="false"
68-->src\main\AndroidManifest.xml:51:13-37
69            android:theme="@style/AppTheme" >
69-->src\main\AndroidManifest.xml:52:13-44
70        </activity>
71        <activity
71-->src\main\AndroidManifest.xml:55:9-59:20
72            android:name="com.google.mlkit.vision.demo.java.CameraXLivePreviewActivity"
72-->src\main\AndroidManifest.xml:56:13-60
73            android:exported="false"
73-->src\main\AndroidManifest.xml:57:13-37
74            android:theme="@style/AppTheme" >
74-->src\main\AndroidManifest.xml:58:13-44
75        </activity>
76        <activity
76-->src\main\AndroidManifest.xml:61:9-65:20
77            android:name="com.google.mlkit.vision.demo.java.CameraXSourceDemoActivity"
77-->src\main\AndroidManifest.xml:62:13-59
78            android:exported="false"
78-->src\main\AndroidManifest.xml:63:13-37
79            android:theme="@style/AppTheme" >
79-->src\main\AndroidManifest.xml:64:13-44
80        </activity>
81        <activity
81-->src\main\AndroidManifest.xml:67:9-71:20
82            android:name="com.google.mlkit.vision.demo.java.StillImageActivity"
82-->src\main\AndroidManifest.xml:68:13-52
83            android:exported="false"
83-->src\main\AndroidManifest.xml:69:13-37
84            android:theme="@style/AppTheme" >
84-->src\main\AndroidManifest.xml:70:13-44
85        </activity>
86        <activity
86-->src\main\AndroidManifest.xml:73:9-75:39
87            android:name="com.google.mlkit.vision.demo.preference.SettingsActivity"
87-->src\main\AndroidManifest.xml:74:13-56
88            android:exported="false" />
88-->src\main\AndroidManifest.xml:75:13-37
89
90        <!--
91             Required for ML Kit Pose Detection GPU acceleration. Applications that target Android
92             S+ require explicit declaration of any referenced vendor-provided libraries.
93        -->
94        <uses-native-library
94-->[com.google.mlkit:pose-detection-common:18.0.0-beta2] AndroidManifest.xml:16:9-18:40
95            android:name="libOpenCL.so"
95-->[com.google.mlkit:pose-detection-common:18.0.0-beta2] AndroidManifest.xml:17:13-40
96            android:required="false" />
96-->[com.google.mlkit:pose-detection-common:18.0.0-beta2] AndroidManifest.xml:18:13-37
97        <uses-native-library
97-->[com.google.mlkit:pose-detection-common:18.0.0-beta2] AndroidManifest.xml:16:9-18:40
98            android:name="libOpenCL-car.so"
98-->[com.google.mlkit:pose-detection-common:18.0.0-beta2] AndroidManifest.xml:17:13-40
99            android:required="false" />
99-->[com.google.mlkit:pose-detection-common:18.0.0-beta2] AndroidManifest.xml:18:13-37
100        <uses-native-library
100-->[com.google.mlkit:pose-detection-common:18.0.0-beta2] AndroidManifest.xml:16:9-18:40
101            android:name="libOpenCL-pixel.so"
101-->[com.google.mlkit:pose-detection-common:18.0.0-beta2] AndroidManifest.xml:17:13-40
102            android:required="false" />
102-->[com.google.mlkit:pose-detection-common:18.0.0-beta2] AndroidManifest.xml:18:13-37
103
104        <service
104-->[com.google.mlkit:pose-detection-common:18.0.0-beta2] AndroidManifest.xml:26:9-32:19
105            android:name="com.google.mlkit.common.internal.MlKitComponentDiscoveryService"
105-->[com.google.mlkit:pose-detection-common:18.0.0-beta2] AndroidManifest.xml:27:13-91
106            android:directBootAware="true"
106-->[com.google.mlkit:common:18.2.0] AndroidManifest.xml:17:13-43
107            android:exported="false" >
107-->[com.google.mlkit:pose-detection-common:18.0.0-beta2] AndroidManifest.xml:28:13-37
108            <meta-data
108-->[com.google.mlkit:pose-detection-common:18.0.0-beta2] AndroidManifest.xml:29:13-31:85
109                android:name="com.google.firebase.components:com.google.mlkit.vision.pose.internal.PoseRegistrar"
109-->[com.google.mlkit:pose-detection-common:18.0.0-beta2] AndroidManifest.xml:30:17-114
110                android:value="com.google.firebase.components.ComponentRegistrar" />
110-->[com.google.mlkit:pose-detection-common:18.0.0-beta2] AndroidManifest.xml:31:17-82
111            <meta-data
111-->[com.google.mlkit:object-detection:17.0.0] AndroidManifest.xml:14:13-16:85
112                android:name="com.google.firebase.components:com.google.mlkit.vision.objects.defaults.internal.DefaultObjectsRegistrar"
112-->[com.google.mlkit:object-detection:17.0.0] AndroidManifest.xml:15:17-136
113                android:value="com.google.firebase.components.ComponentRegistrar" />
113-->[com.google.mlkit:object-detection:17.0.0] AndroidManifest.xml:16:17-82
114            <meta-data
114-->[com.google.mlkit:object-detection-custom:17.0.0] AndroidManifest.xml:11:13-13:85
115                android:name="com.google.firebase.components:com.google.mlkit.vision.objects.custom.internal.CustomObjectsRegistrar"
115-->[com.google.mlkit:object-detection-custom:17.0.0] AndroidManifest.xml:12:17-133
116                android:value="com.google.firebase.components.ComponentRegistrar" />
116-->[com.google.mlkit:object-detection-custom:17.0.0] AndroidManifest.xml:13:17-82
117            <meta-data
117-->[com.google.mlkit:image-labeling:17.0.7] AndroidManifest.xml:11:13-13:85
118                android:name="com.google.firebase.components:com.google.mlkit.vision.label.defaults.internal.BundledLabelRegistrar"
118-->[com.google.mlkit:image-labeling:17.0.7] AndroidManifest.xml:12:17-132
119                android:value="com.google.firebase.components.ComponentRegistrar" />
119-->[com.google.mlkit:image-labeling:17.0.7] AndroidManifest.xml:13:17-82
120            <meta-data
120-->[com.google.mlkit:image-labeling-custom:17.0.1] AndroidManifest.xml:11:13-13:85
121                android:name="com.google.firebase.components:com.google.mlkit.vision.label.custom.internal.CustomLabelRegistrar"
121-->[com.google.mlkit:image-labeling-custom:17.0.1] AndroidManifest.xml:12:17-129
122                android:value="com.google.firebase.components.ComponentRegistrar" />
122-->[com.google.mlkit:image-labeling-custom:17.0.1] AndroidManifest.xml:13:17-82
123            <meta-data
123-->[com.google.mlkit:segmentation-selfie:16.0.0-beta4] AndroidManifest.xml:12:13-14:85
124                android:name="com.google.firebase.components:com.google.mlkit.vision.segmentation.internal.SegmentationRegistrar"
124-->[com.google.mlkit:segmentation-selfie:16.0.0-beta4] AndroidManifest.xml:13:17-130
125                android:value="com.google.firebase.components.ComponentRegistrar" />
125-->[com.google.mlkit:segmentation-selfie:16.0.0-beta4] AndroidManifest.xml:14:17-82
126            <meta-data
126-->[com.google.android.gms:play-services-mlkit-barcode-scanning:18.0.0] AndroidManifest.xml:12:13-14:85
127                android:name="com.google.firebase.components:com.google.mlkit.vision.barcode.internal.BarcodeRegistrar"
127-->[com.google.android.gms:play-services-mlkit-barcode-scanning:18.0.0] AndroidManifest.xml:13:17-120
128                android:value="com.google.firebase.components.ComponentRegistrar" />
128-->[com.google.android.gms:play-services-mlkit-barcode-scanning:18.0.0] AndroidManifest.xml:14:17-82
129            <meta-data
129-->[com.google.mlkit:vision-internal-vkp:18.2.2] AndroidManifest.xml:14:13-16:85
130                android:name="com.google.firebase.components:com.google.mlkit.vision.vkp.VkpRegistrar"
130-->[com.google.mlkit:vision-internal-vkp:18.2.2] AndroidManifest.xml:15:17-103
131                android:value="com.google.firebase.components.ComponentRegistrar" />
131-->[com.google.mlkit:vision-internal-vkp:18.2.2] AndroidManifest.xml:16:17-82
132            <meta-data
132-->[com.google.android.gms:play-services-mlkit-face-detection:17.0.1] AndroidManifest.xml:12:13-14:85
133                android:name="com.google.firebase.components:com.google.mlkit.vision.face.internal.FaceRegistrar"
133-->[com.google.android.gms:play-services-mlkit-face-detection:17.0.1] AndroidManifest.xml:13:17-114
134                android:value="com.google.firebase.components.ComponentRegistrar" />
134-->[com.google.android.gms:play-services-mlkit-face-detection:17.0.1] AndroidManifest.xml:14:17-82
135            <meta-data
135-->[com.google.android.gms:play-services-mlkit-text-recognition-common:17.0.0] AndroidManifest.xml:12:13-14:85
136                android:name="com.google.firebase.components:com.google.mlkit.vision.text.internal.TextRegistrar"
136-->[com.google.android.gms:play-services-mlkit-text-recognition-common:17.0.0] AndroidManifest.xml:13:17-114
137                android:value="com.google.firebase.components.ComponentRegistrar" />
137-->[com.google.android.gms:play-services-mlkit-text-recognition-common:17.0.0] AndroidManifest.xml:14:17-82
138            <meta-data
138-->[com.google.mlkit:vision-common:17.1.0] AndroidManifest.xml:12:13-14:85
139                android:name="com.google.firebase.components:com.google.mlkit.vision.common.internal.VisionCommonRegistrar"
139-->[com.google.mlkit:vision-common:17.1.0] AndroidManifest.xml:13:17-124
140                android:value="com.google.firebase.components.ComponentRegistrar" />
140-->[com.google.mlkit:vision-common:17.1.0] AndroidManifest.xml:14:17-82
141            <meta-data
141-->[com.google.mlkit:common:18.2.0] AndroidManifest.xml:20:13-22:85
142                android:name="com.google.firebase.components:com.google.mlkit.common.internal.CommonComponentRegistrar"
142-->[com.google.mlkit:common:18.2.0] AndroidManifest.xml:21:17-120
143                android:value="com.google.firebase.components.ComponentRegistrar" />
143-->[com.google.mlkit:common:18.2.0] AndroidManifest.xml:22:17-82
144        </service>
145        <service
145-->[com.google.mlkit:acceleration:16.0.0-beta1] AndroidManifest.xml:8:9-11:68
146            android:name="com.google.mlkit.acceleration.internal.MlKitRemoteWorkerService"
146-->[com.google.mlkit:acceleration:16.0.0-beta1] AndroidManifest.xml:9:13-91
147            android:exported="false"
147-->[com.google.mlkit:acceleration:16.0.0-beta1] AndroidManifest.xml:10:13-37
148            android:process=":mlkit_acceleration_mini_benchmark" />
148-->[com.google.mlkit:acceleration:16.0.0-beta1] AndroidManifest.xml:11:13-65
149        <service
149-->[androidx.work:work-multiprocess:2.7.0] AndroidManifest.xml:25:9-27:40
150            android:name="androidx.work.multiprocess.RemoteWorkManagerService"
150-->[androidx.work:work-multiprocess:2.7.0] AndroidManifest.xml:26:13-79
151            android:exported="false" />
151-->[androidx.work:work-multiprocess:2.7.0] AndroidManifest.xml:27:13-37
152
153        <provider
153-->[com.google.mlkit:common:18.2.0] AndroidManifest.xml:9:9-13:38
154            android:name="com.google.mlkit.common.internal.MlKitInitProvider"
154-->[com.google.mlkit:common:18.2.0] AndroidManifest.xml:10:13-78
155            android:authorities="com.google.mlkit.vision.demo.mlkitinitprovider"
155-->[com.google.mlkit:common:18.2.0] AndroidManifest.xml:11:13-69
156            android:exported="false"
156-->[com.google.mlkit:common:18.2.0] AndroidManifest.xml:12:13-37
157            android:initOrder="99" />
157-->[com.google.mlkit:common:18.2.0] AndroidManifest.xml:13:13-35
158
159        <activity
159-->[com.google.android.gms:play-services-base:18.0.1] AndroidManifest.xml:20:9-22:45
160            android:name="com.google.android.gms.common.api.GoogleApiActivity"
160-->[com.google.android.gms:play-services-base:18.0.1] AndroidManifest.xml:20:19-85
161            android:exported="false"
161-->[com.google.android.gms:play-services-base:18.0.1] AndroidManifest.xml:22:19-43
162            android:theme="@android:style/Theme.Translucent.NoTitleBar" />
162-->[com.google.android.gms:play-services-base:18.0.1] AndroidManifest.xml:21:19-78
163
164        <provider
164-->[androidx.work:work-runtime:2.7.0] AndroidManifest.xml:31:9-39:20
165            android:name="androidx.startup.InitializationProvider"
165-->[androidx.work:work-runtime:2.7.0] AndroidManifest.xml:32:13-67
166            android:authorities="com.google.mlkit.vision.demo.androidx-startup"
166-->[androidx.work:work-runtime:2.7.0] AndroidManifest.xml:33:13-68
167            android:exported="false" >
167-->[androidx.work:work-runtime:2.7.0] AndroidManifest.xml:34:13-37
168            <meta-data
168-->[androidx.work:work-runtime:2.7.0] AndroidManifest.xml:36:13-38:52
169                android:name="androidx.work.WorkManagerInitializer"
169-->[androidx.work:work-runtime:2.7.0] AndroidManifest.xml:37:17-68
170                android:value="androidx.startup" />
170-->[androidx.work:work-runtime:2.7.0] AndroidManifest.xml:38:17-49
171        </provider>
172
173        <service
173-->[androidx.work:work-runtime:2.7.0] AndroidManifest.xml:41:9-46:35
174            android:name="androidx.work.impl.background.systemalarm.SystemAlarmService"
174-->[androidx.work:work-runtime:2.7.0] AndroidManifest.xml:42:13-88
175            android:directBootAware="false"
175-->[androidx.work:work-runtime:2.7.0] AndroidManifest.xml:43:13-44
176            android:enabled="@bool/enable_system_alarm_service_default"
176-->[androidx.work:work-runtime:2.7.0] AndroidManifest.xml:44:13-72
177            android:exported="false" />
177-->[androidx.work:work-runtime:2.7.0] AndroidManifest.xml:45:13-37
178        <service
178-->[androidx.work:work-runtime:2.7.0] AndroidManifest.xml:47:9-53:35
179            android:name="androidx.work.impl.background.systemjob.SystemJobService"
179-->[androidx.work:work-runtime:2.7.0] AndroidManifest.xml:48:13-84
180            android:directBootAware="false"
180-->[androidx.work:work-runtime:2.7.0] AndroidManifest.xml:49:13-44
181            android:enabled="@bool/enable_system_job_service_default"
181-->[androidx.work:work-runtime:2.7.0] AndroidManifest.xml:50:13-70
182            android:exported="true"
182-->[androidx.work:work-runtime:2.7.0] AndroidManifest.xml:51:13-36
183            android:permission="android.permission.BIND_JOB_SERVICE" />
183-->[androidx.work:work-runtime:2.7.0] AndroidManifest.xml:52:13-69
184        <service
184-->[androidx.work:work-runtime:2.7.0] AndroidManifest.xml:54:9-59:35
185            android:name="androidx.work.impl.foreground.SystemForegroundService"
185-->[androidx.work:work-runtime:2.7.0] AndroidManifest.xml:55:13-81
186            android:directBootAware="false"
186-->[androidx.work:work-runtime:2.7.0] AndroidManifest.xml:56:13-44
187            android:enabled="@bool/enable_system_foreground_service_default"
187-->[androidx.work:work-runtime:2.7.0] AndroidManifest.xml:57:13-77
188            android:exported="false" />
188-->[androidx.work:work-runtime:2.7.0] AndroidManifest.xml:58:13-37
189
190        <receiver
190-->[androidx.work:work-runtime:2.7.0] AndroidManifest.xml:61:9-66:35
191            android:name="androidx.work.impl.utils.ForceStopRunnable$BroadcastReceiver"
191-->[androidx.work:work-runtime:2.7.0] AndroidManifest.xml:62:13-88
192            android:directBootAware="false"
192-->[androidx.work:work-runtime:2.7.0] AndroidManifest.xml:63:13-44
193            android:enabled="true"
193-->[androidx.work:work-runtime:2.7.0] AndroidManifest.xml:64:13-35
194            android:exported="false" />
194-->[androidx.work:work-runtime:2.7.0] AndroidManifest.xml:65:13-37
195        <receiver
195-->[androidx.work:work-runtime:2.7.0] AndroidManifest.xml:67:9-77:20
196            android:name="androidx.work.impl.background.systemalarm.ConstraintProxy$BatteryChargingProxy"
196-->[androidx.work:work-runtime:2.7.0] AndroidManifest.xml:68:13-106
197            android:directBootAware="false"
197-->[androidx.work:work-runtime:2.7.0] AndroidManifest.xml:69:13-44
198            android:enabled="false"
198-->[androidx.work:work-runtime:2.7.0] AndroidManifest.xml:70:13-36
199            android:exported="false" >
199-->[androidx.work:work-runtime:2.7.0] AndroidManifest.xml:71:13-37
200            <intent-filter>
200-->[androidx.work:work-runtime:2.7.0] AndroidManifest.xml:73:13-76:29
201                <action android:name="android.intent.action.ACTION_POWER_CONNECTED" />
201-->[androidx.work:work-runtime:2.7.0] AndroidManifest.xml:74:17-87
201-->[androidx.work:work-runtime:2.7.0] AndroidManifest.xml:74:25-84
202                <action android:name="android.intent.action.ACTION_POWER_DISCONNECTED" />
202-->[androidx.work:work-runtime:2.7.0] AndroidManifest.xml:75:17-90
202-->[androidx.work:work-runtime:2.7.0] AndroidManifest.xml:75:25-87
203            </intent-filter>
204        </receiver>
205        <receiver
205-->[androidx.work:work-runtime:2.7.0] AndroidManifest.xml:78:9-88:20
206            android:name="androidx.work.impl.background.systemalarm.ConstraintProxy$BatteryNotLowProxy"
206-->[androidx.work:work-runtime:2.7.0] AndroidManifest.xml:79:13-104
207            android:directBootAware="false"
207-->[androidx.work:work-runtime:2.7.0] AndroidManifest.xml:80:13-44
208            android:enabled="false"
208-->[androidx.work:work-runtime:2.7.0] AndroidManifest.xml:81:13-36
209            android:exported="false" >
209-->[androidx.work:work-runtime:2.7.0] AndroidManifest.xml:82:13-37
210            <intent-filter>
210-->[androidx.work:work-runtime:2.7.0] AndroidManifest.xml:84:13-87:29
211                <action android:name="android.intent.action.BATTERY_OKAY" />
211-->[androidx.work:work-runtime:2.7.0] AndroidManifest.xml:85:17-77
211-->[androidx.work:work-runtime:2.7.0] AndroidManifest.xml:85:25-74
212                <action android:name="android.intent.action.BATTERY_LOW" />
212-->[androidx.work:work-runtime:2.7.0] AndroidManifest.xml:86:17-76
212-->[androidx.work:work-runtime:2.7.0] AndroidManifest.xml:86:25-73
213            </intent-filter>
214        </receiver>
215        <receiver
215-->[androidx.work:work-runtime:2.7.0] AndroidManifest.xml:89:9-99:20
216            android:name="androidx.work.impl.background.systemalarm.ConstraintProxy$StorageNotLowProxy"
216-->[androidx.work:work-runtime:2.7.0] AndroidManifest.xml:90:13-104
217            android:directBootAware="false"
217-->[androidx.work:work-runtime:2.7.0] AndroidManifest.xml:91:13-44
218            android:enabled="false"
218-->[androidx.work:work-runtime:2.7.0] AndroidManifest.xml:92:13-36
219            android:exported="false" >
219-->[androidx.work:work-runtime:2.7.0] AndroidManifest.xml:93:13-37
220            <intent-filter>
220-->[androidx.work:work-runtime:2.7.0] AndroidManifest.xml:95:13-98:29
221                <action android:name="android.intent.action.DEVICE_STORAGE_LOW" />
221-->[androidx.work:work-runtime:2.7.0] AndroidManifest.xml:96:17-83
221-->[androidx.work:work-runtime:2.7.0] AndroidManifest.xml:96:25-80
222                <action android:name="android.intent.action.DEVICE_STORAGE_OK" />
222-->[androidx.work:work-runtime:2.7.0] AndroidManifest.xml:97:17-82
222-->[androidx.work:work-runtime:2.7.0] AndroidManifest.xml:97:25-79
223            </intent-filter>
224        </receiver>
225        <receiver
225-->[androidx.work:work-runtime:2.7.0] AndroidManifest.xml:100:9-109:20
226            android:name="androidx.work.impl.background.systemalarm.ConstraintProxy$NetworkStateProxy"
226-->[androidx.work:work-runtime:2.7.0] AndroidManifest.xml:101:13-103
227            android:directBootAware="false"
227-->[androidx.work:work-runtime:2.7.0] AndroidManifest.xml:102:13-44
228            android:enabled="false"
228-->[androidx.work:work-runtime:2.7.0] AndroidManifest.xml:103:13-36
229            android:exported="false" >
229-->[androidx.work:work-runtime:2.7.0] AndroidManifest.xml:104:13-37
230            <intent-filter>
230-->[androidx.work:work-runtime:2.7.0] AndroidManifest.xml:106:13-108:29
231                <action android:name="android.net.conn.CONNECTIVITY_CHANGE" />
231-->[androidx.work:work-runtime:2.7.0] AndroidManifest.xml:107:17-79
231-->[androidx.work:work-runtime:2.7.0] AndroidManifest.xml:107:25-76
232            </intent-filter>
233        </receiver>
234        <receiver
234-->[androidx.work:work-runtime:2.7.0] AndroidManifest.xml:110:9-121:20
235            android:name="androidx.work.impl.background.systemalarm.RescheduleReceiver"
235-->[androidx.work:work-runtime:2.7.0] AndroidManifest.xml:111:13-88
236            android:directBootAware="false"
236-->[androidx.work:work-runtime:2.7.0] AndroidManifest.xml:112:13-44
237            android:enabled="false"
237-->[androidx.work:work-runtime:2.7.0] AndroidManifest.xml:113:13-36
238            android:exported="false" >
238-->[androidx.work:work-runtime:2.7.0] AndroidManifest.xml:114:13-37
239            <intent-filter>
239-->[androidx.work:work-runtime:2.7.0] AndroidManifest.xml:116:13-120:29
240                <action android:name="android.intent.action.BOOT_COMPLETED" />
240-->[androidx.work:work-runtime:2.7.0] AndroidManifest.xml:117:17-79
240-->[androidx.work:work-runtime:2.7.0] AndroidManifest.xml:117:25-76
241                <action android:name="android.intent.action.TIME_SET" />
241-->[androidx.work:work-runtime:2.7.0] AndroidManifest.xml:118:17-73
241-->[androidx.work:work-runtime:2.7.0] AndroidManifest.xml:118:25-70
242                <action android:name="android.intent.action.TIMEZONE_CHANGED" />
242-->[androidx.work:work-runtime:2.7.0] AndroidManifest.xml:119:17-81
242-->[androidx.work:work-runtime:2.7.0] AndroidManifest.xml:119:25-78
243            </intent-filter>
244        </receiver>
245        <receiver
245-->[androidx.work:work-runtime:2.7.0] AndroidManifest.xml:122:9-131:20
246            android:name="androidx.work.impl.background.systemalarm.ConstraintProxyUpdateReceiver"
246-->[androidx.work:work-runtime:2.7.0] AndroidManifest.xml:123:13-99
247            android:directBootAware="false"
247-->[androidx.work:work-runtime:2.7.0] AndroidManifest.xml:124:13-44
248            android:enabled="@bool/enable_system_alarm_service_default"
248-->[androidx.work:work-runtime:2.7.0] AndroidManifest.xml:125:13-72
249            android:exported="false" >
249-->[androidx.work:work-runtime:2.7.0] AndroidManifest.xml:126:13-37
250            <intent-filter>
250-->[androidx.work:work-runtime:2.7.0] AndroidManifest.xml:128:13-130:29
251                <action android:name="androidx.work.impl.background.systemalarm.UpdateProxies" />
251-->[androidx.work:work-runtime:2.7.0] AndroidManifest.xml:129:17-98
251-->[androidx.work:work-runtime:2.7.0] AndroidManifest.xml:129:25-95
252            </intent-filter>
253        </receiver>
254        <receiver
254-->[androidx.work:work-runtime:2.7.0] AndroidManifest.xml:132:9-142:20
255            android:name="androidx.work.impl.diagnostics.DiagnosticsReceiver"
255-->[androidx.work:work-runtime:2.7.0] AndroidManifest.xml:133:13-78
256            android:directBootAware="false"
256-->[androidx.work:work-runtime:2.7.0] AndroidManifest.xml:134:13-44
257            android:enabled="true"
257-->[androidx.work:work-runtime:2.7.0] AndroidManifest.xml:135:13-35
258            android:exported="true"
258-->[androidx.work:work-runtime:2.7.0] AndroidManifest.xml:136:13-36
259            android:permission="android.permission.DUMP" >
259-->[androidx.work:work-runtime:2.7.0] AndroidManifest.xml:137:13-57
260            <intent-filter>
260-->[androidx.work:work-runtime:2.7.0] AndroidManifest.xml:139:13-141:29
261                <action android:name="androidx.work.diagnostics.REQUEST_DIAGNOSTICS" />
261-->[androidx.work:work-runtime:2.7.0] AndroidManifest.xml:140:17-88
261-->[androidx.work:work-runtime:2.7.0] AndroidManifest.xml:140:25-85
262            </intent-filter>
263        </receiver>
264
265        <service
265-->[com.google.android.datatransport:transport-backend-cct:2.3.3] AndroidManifest.xml:29:9-35:19
266            android:name="com.google.android.datatransport.runtime.backends.TransportBackendDiscovery"
266-->[com.google.android.datatransport:transport-backend-cct:2.3.3] AndroidManifest.xml:30:13-103
267            android:exported="false" >
267-->[com.google.android.datatransport:transport-backend-cct:2.3.3] AndroidManifest.xml:31:13-37
268            <meta-data
268-->[com.google.android.datatransport:transport-backend-cct:2.3.3] AndroidManifest.xml:32:13-34:39
269                android:name="backend:com.google.android.datatransport.cct.CctBackendFactory"
269-->[com.google.android.datatransport:transport-backend-cct:2.3.3] AndroidManifest.xml:33:17-94
270                android:value="cct" />
270-->[com.google.android.datatransport:transport-backend-cct:2.3.3] AndroidManifest.xml:34:17-36
271        </service>
272        <service
272-->[com.google.android.datatransport:transport-runtime:2.2.6] AndroidManifest.xml:26:9-30:19
273            android:name="com.google.android.datatransport.runtime.scheduling.jobscheduling.JobInfoSchedulerService"
273-->[com.google.android.datatransport:transport-runtime:2.2.6] AndroidManifest.xml:27:13-117
274            android:exported="false"